<?xml version="1.0" encoding="UTF-8"?>
<!-- Generated by org.testng.reporters.JUnitReportReporter -->
<testsuite skipped="0" hostname="DESKTOP-PACOCH8" name="com.qa.crm.testcases.DragAndDrop" tests="1" failures="0" timestamp="2019-10-21T16:46:00 IST" time="20.834" errors="0">
  <testcase name="DragAndDropTest" time="20.834" classname="com.qa.crm.testcases.DragAndDrop"/>
</testsuite> <!-- com.qa.crm.testcases.DragAndDrop -->
