<?xml version="1.0" encoding="UTF-8"?>
<!-- Generated by org.testng.reporters.JUnitReportReporter -->
<testsuite skipped="0" hostname="DESKTOP-PACOCH8" name="com.qa.crm.testcases.BootstrapDropdown" tests="1" failures="0" timestamp="2019-10-22T15:02:33 IST" time="23.313" errors="0">
  <testcase name="BootstDropdownTest" time="23.313" classname="com.qa.crm.testcases.BootstrapDropdown"/>
</testsuite> <!-- com.qa.crm.testcases.BootstrapDropdown -->
