<?xml version="1.0" encoding="UTF-8"?>
<!-- Generated by org.testng.reporters.JUnitReportReporter -->
<testsuite skipped="0" hostname="DESKTOP-PACOCH8" name="com.qa.crm.testcases.MouseOver" tests="1" failures="0" timestamp="2019-10-07T13:58:17 IST" time="13.784" errors="0">
  <testcase name="MouseOverTest" time="13.784" classname="com.qa.crm.testcases.MouseOver"/>
</testsuite> <!-- com.qa.crm.testcases.MouseOver -->
