<?xml version="1.0" encoding="UTF-8"?>
<!-- Generated by org.testng.reporters.JUnitReportReporter -->
<testsuite skipped="0" hostname="DESKTOP-PACOCH8" name="com.qa.crm.testcases.HeadLessBrowser" tests="1" failures="0" timestamp="2019-10-22T16:10:40 IST" time="30.419" errors="0">
  <testcase name="HeadLessBrowserTest" time="30.419" classname="com.qa.crm.testcases.HeadLessBrowser"/>
</testsuite> <!-- com.qa.crm.testcases.HeadLessBrowser -->
