<?xml version="1.0" encoding="UTF-8"?>
<!-- Generated by org.testng.reporters.JUnitReportReporter -->
<testsuite skipped="0" hostname="DESKTOP-PACOCH8" name="com.qa.crm.TestNG.AnnototationsTest" tests="1" failures="0" timestamp="2019-10-07T22:36:56 IST" time="0.007" errors="0">
  <testcase name="Test" time="0.007" classname="com.qa.crm.TestNG.AnnototationsTest"/>
</testsuite> <!-- com.qa.crm.TestNG.AnnototationsTest -->
