<?xml version="1.0" encoding="UTF-8"?>
<!-- Generated by org.testng.reporters.JUnitReportReporter -->
<testsuite skipped="0" hostname="DESKTOP-PACOCH8" name="com.qa.crm.TestNG.PriorityTest" tests="5" failures="0" timestamp="2019-10-08T14:07:20 IST" time="0.010" errors="0">
  <testcase name="PriorityTest1" time="0.002" classname="com.qa.crm.TestNG.PriorityTest"/>
  <testcase name="PriorityTest2" time="0.003" classname="com.qa.crm.TestNG.PriorityTest"/>
  <testcase name="PriorityTest3" time="0.002" classname="com.qa.crm.TestNG.PriorityTest"/>
  <testcase name="PriorityTest4" time="0.001" classname="com.qa.crm.TestNG.PriorityTest"/>
  <testcase name="PriorityTest5" time="0.002" classname="com.qa.crm.TestNG.PriorityTest"/>
</testsuite> <!-- com.qa.crm.TestNG.PriorityTest -->
