<?xml version="1.0" encoding="UTF-8"?>
<!-- Generated by org.testng.reporters.JUnitReportReporter -->
<testsuite skipped="0" hostname="DESKTOP-PACOCH8" name="com.qa.crm.testcases.AlertsTest" tests="1" failures="0" timestamp="2019-10-21T14:56:15 IST" time="21.436" errors="0">
  <testcase name="RediffAlerts" time="21.436" classname="com.qa.crm.testcases.AlertsTest"/>
</testsuite> <!-- com.qa.crm.testcases.AlertsTest -->
