<?xml version="1.0" encoding="UTF-8"?>
<!-- Generated by org.testng.reporters.JUnitReportReporter -->
<testsuite skipped="0" hostname="DESKTOP-PACOCH8" name="com.qa.crm.TestNG.PropertiesFileDataTest" tests="1" failures="0" timestamp="2019-10-06T18:05:55 IST" time="4.976" errors="0">
  <testcase name="PrpData" time="4.976" classname="com.qa.crm.TestNG.PropertiesFileDataTest"/>
</testsuite> <!-- com.qa.crm.TestNG.PropertiesFileDataTest -->
