<?xml version="1.0" encoding="UTF-8"?>
<!-- Generated by org.testng.reporters.JUnitReportReporter -->
<testsuite skipped="0" hostname="DESKTOP-PACOCH8" name="com.qa.crm.TestNG.ParallelTestClass" tests="4" failures="0" timestamp="2019-10-09T15:21:44 IST" time="0.064" errors="0">
  <testcase name="Test2" time="0.016" classname="com.qa.crm.TestNG.ParallelTestClass"/>
  <testcase name="Test1" time="0.016" classname="com.qa.crm.TestNG.ParallelTestClass"/>
  <testcase name="Test4" time="0.016" classname="com.qa.crm.TestNG.ParallelTestClass"/>
  <testcase name="Test3" time="0.016" classname="com.qa.crm.TestNG.ParallelTestClass"/>
</testsuite> <!-- com.qa.crm.TestNG.ParallelTestClass -->
