<?xml version="1.0" encoding="UTF-8"?>
<!-- Generated by org.testng.reporters.JUnitReportReporter -->
<testsuite skipped="0" hostname="DESKTOP-PACOCH8" name="com.qa.crm.TestNG.browserParametersTest" tests="1" failures="0" timestamp="2019-10-08T17:29:52 IST" time="18.027" errors="0">
  <testcase name="titleTest" time="18.027" classname="com.qa.crm.TestNG.browserParametersTest"/>
</testsuite> <!-- com.qa.crm.TestNG.browserParametersTest -->
