<?xml version="1.0" encoding="UTF-8"?>
<!-- Generated by org.testng.reporters.JUnitReportReporter -->
<testsuite skipped="0" hostname="DESKTOP-PACOCH8" name="com.qa.crm.TestNG.GroupsTest1" tests="4" failures="0" timestamp="2019-10-08T14:07:20 IST" time="0.006" errors="0">
  <testcase name="GroupsTest1A" time="0.002" classname="com.qa.crm.TestNG.GroupsTest1"/>
  <testcase name="GroupsTest1B" time="0.002" classname="com.qa.crm.TestNG.GroupsTest1"/>
  <testcase name="GroupsTest1C" time="0.001" classname="com.qa.crm.TestNG.GroupsTest1"/>
  <testcase name="GroupsTest1D" time="0.001" classname="com.qa.crm.TestNG.GroupsTest1"/>
</testsuite> <!-- com.qa.crm.TestNG.GroupsTest1 -->
