<?xml version="1.0" encoding="UTF-8"?>
<!-- Generated by org.testng.reporters.JUnitReportReporter -->
<testsuite skipped="0" hostname="DESKTOP-PACOCH8" name="com.qa.crm.TestNG.ParameterTest" tests="1" failures="0" timestamp="2019-10-08T14:07:20 IST" time="0.015" errors="0">
  <testcase name="ParameterTesting" time="0.015" classname="com.qa.crm.TestNG.ParameterTest"/>
</testsuite> <!-- com.qa.crm.TestNG.ParameterTest -->
