<?xml version="1.0" encoding="UTF-8"?>
<!-- Generated by org.testng.reporters.JUnitReportReporter -->
<testsuite skipped="0" hostname="DESKTOP-PACOCH8" name="com.qa.crm.TestNG.PriorityTest2" tests="5" failures="0" timestamp="2019-10-08T14:07:20 IST" time="0.008" errors="0">
  <testcase name="PriorityTest2A" time="0.002" classname="com.qa.crm.TestNG.PriorityTest2"/>
  <testcase name="PriorityTest2B" time="0.001" classname="com.qa.crm.TestNG.PriorityTest2"/>
  <testcase name="PriorityTest2C" time="0.002" classname="com.qa.crm.TestNG.PriorityTest2"/>
  <testcase name="PriorityTest2D" time="0.001" classname="com.qa.crm.TestNG.PriorityTest2"/>
  <testcase name="PriorityTest2E" time="0.002" classname="com.qa.crm.TestNG.PriorityTest2"/>
</testsuite> <!-- com.qa.crm.TestNG.PriorityTest2 -->
